<?xml version="1.0" encoding="UTF-8" ?>
<testsuite tests="32" failures="0" name="cucumberOptions.TestRunner" time="0.362" errors="0" skipped="0">
  <properties>
    <property name="java.runtime.name" value="Java(TM) SE Runtime Environment"/>
    <property name="java.vm.version" value="11.0.6+8-LTS"/>
    <property name="sun.boot.library.path" value="/Library/Java/JavaVirtualMachines/jdk-11.0.6.jdk/Contents/Home/lib"/>
    <property name="gopherProxySet" value="false"/>
    <property name="maven.multiModuleProjectDirectory" value="/Users/chandananagabhushana/Documents/Workspace/Test/BorrowCalculator-master/BorrowCalculator"/>
    <property name="java.vm.vendor" value="Oracle Corporation"/>
    <property name="java.vendor.url" value="http://java.oracle.com/"/>
    <property name="guice.disable.misplaced.annotation.check" value="true"/>
    <property name="path.separator" value=":"/>
    <property name="java.vm.name" value="Java HotSpot(TM) 64-Bit Server VM"/>
    <property name="sun.os.patch.level" value="unknown"/>
    <property name="user.country" value="GB"/>
    <property name="sun.java.launcher" value="SUN_STANDARD"/>
    <property name="java.vm.specification.name" value="Java Virtual Machine Specification"/>
    <property name="user.dir" value="/Users/chandananagabhushana/Documents/Workspace/Test/BorrowCalculator-master/BorrowCalculator"/>
    <property name="java.vm.compressedOopsMode" value="Zero based"/>
    <property name="java.runtime.version" value="11.0.6+8-LTS"/>
    <property name="java.awt.graphicsenv" value="sun.awt.CGraphicsEnvironment"/>
    <property name="os.arch" value="x86_64"/>
    <property name="java.io.tmpdir" value="/var/folders/n_/lnk7wczs7v54rrr7bthjjnth0000gn/T/"/>
    <property name="line.separator" value="
"/>
    <property name="java.vm.specification.vendor" value="Oracle Corporation"/>
    <property name="os.name" value="Mac OS X"/>
    <property name="classworlds.conf" value="/Users/chandananagabhushana/Documents/Workspace/new/.metadata/.plugins/org.eclipse.m2e.launching/launches/m2conf5175088046121015568.tmp"/>
    <property name="sun.jnu.encoding" value="UTF-8"/>
    <property name="java.library.path" value="/Users/chandananagabhushana/Library/Java/Extensions:/Library/Java/Extensions:/Network/Library/Java/Extensions:/System/Library/Java/Extensions:/usr/lib/java:."/>
    <property name="jdk.debug" value="release"/>
    <property name="java.class.version" value="55.0"/>
    <property name="java.specification.name" value="Java Platform API Specification"/>
    <property name="sun.management.compiler" value="HotSpot 64-Bit Tiered Compilers"/>
    <property name="os.version" value="10.15.6"/>
    <property name="http.nonProxyHosts" value="local|*.local|169.254/16|*.169.254/16"/>
    <property name="user.home" value="/Users/chandananagabhushana"/>
    <property name="user.timezone" value="Asia/Kolkata"/>
    <property name="java.awt.printerjob" value="sun.lwawt.macosx.CPrinterJob"/>
    <property name="file.encoding" value="UTF-8"/>
    <property name="java.specification.version" value="11"/>
    <property name="user.name" value="chandananagabhushana"/>
    <property name="java.class.path" value="/Users/chandananagabhushana/.p2/pool/plugins/org.eclipse.m2e.maven.runtime_1.16.0.20200610-1735/jars/plexus-classworlds-2.6.0.jar"/>
    <property name="java.vm.specification.version" value="11"/>
    <property name="sun.arch.data.model" value="64"/>
    <property name="sun.java.command" value="org.codehaus.plexus.classworlds.launcher.Launcher -B install"/>
    <property name="java.home" value="/Library/Java/JavaVirtualMachines/jdk-11.0.6.jdk/Contents/Home"/>
    <property name="user.language" value="en"/>
    <property name="java.specification.vendor" value="Oracle Corporation"/>
    <property name="awt.toolkit" value="sun.lwawt.macosx.LWCToolkit"/>
    <property name="java.vm.info" value="mixed mode"/>
    <property name="java.version" value="11.0.6"/>
    <property name="java.vendor" value="Oracle Corporation"/>
    <property name="maven.home" value="/Users/chandananagabhushana/Documents/Workspace/Test/BorrowCalculator-master/BorrowCalculator/EMBEDDED"/>
    <property name="file.separator" value="/"/>
    <property name="java.version.date" value="2020-01-14"/>
    <property name="java.vendor.url.bug" value="http://bugreport.java.com/bugreport/"/>
    <property name="sun.io.unicode.encoding" value="UnicodeBig"/>
    <property name="sun.cpu.endian" value="little"/>
    <property name="java.vendor.version" value="18.9"/>
    <property name="socksNonProxyHosts" value="local|*.local|169.254/16|*.169.254/16"/>
    <property name="ftp.nonProxyHosts" value="local|*.local|169.254/16|*.169.254/16"/>
    <property name="sun.cpu.isalist" value=""/>
  </properties>
  <testcase classname="Scenario: Validate if borrow calculator returns expected results" name="Given Initialize the browser with chrome" time="0.005"/>
  <testcase classname="Scenario: Validate if borrow calculator returns expected results" name="Then Navigate to &quot;/personal/home-loans/calculators-tools/much-borrow/&quot; Site" time="0"/>
  <testcase classname="Scenario: Validate if borrow calculator returns expected results" name="And Select application type as &quot;Single&quot;" time="0.002"/>
  <testcase classname="Scenario: Validate if borrow calculator returns expected results" name="And Select property to live in as &quot;Home to Live in&quot;" time="0"/>
  <testcase classname="Scenario: Validate if borrow calculator returns expected results" name="And Select  &quot;0&quot; dependants from Dropdown" time="0"/>
  <testcase classname="Scenario: Validate if borrow calculator returns expected results" name="And Enter  &quot;80000&quot; in Your income (before tax) input field" time="0"/>
  <testcase classname="Scenario: Validate if borrow calculator returns expected results" name="And Enter  &quot;10000&quot; in Your Other income input field" time="0"/>
  <testcase classname="Scenario: Validate if borrow calculator returns expected results" name="And Enter  &quot;500&quot; in  Living expenses input field" time="0"/>
  <testcase classname="Scenario: Validate if borrow calculator returns expected results" name="And Enter  &quot;0&quot; in  Current home loan repayments  input field" time="0"/>
  <testcase classname="Scenario: Validate if borrow calculator returns expected results" name="And Enter  &quot;100&quot; in  Other loan repayments input field" time="0"/>
  <testcase classname="Scenario: Validate if borrow calculator returns expected results" name="And Enter  &quot;0&quot; in  Other commitments input field" time="0"/>
  <testcase classname="Scenario: Validate if borrow calculator returns expected results" name="And Enter  &quot;10000&quot; in  Total credit card limits input field" time="0"/>
  <testcase classname="Scenario: Validate if borrow calculator returns expected results" name="When User submits the details" time="0"/>
  <testcase classname="Scenario: Validate if borrow calculator returns expected results" name="Then Verify that borrow amount is &quot;$507,000&quot;" time="0"/>
  <testcase classname="Scenario: Validate if borrow calculator returns expected results" name="Scenario: Validate if borrow calculator returns expected results" time="0.168"/>
  <testcase classname="Scenario: Validate if Entering only $1 for Living expenses, and leaving all other fields as zero, clicking" name="Given Initialize the browser with chrome" time="0.001"/>
  <testcase classname="Scenario: Validate if Entering only $1 for Living expenses, and leaving all other fields as zero, clicking" name="Then Navigate to &quot;/personal/home-loans/calculators-tools/much-borrow/&quot; Site" time="0"/>
  <testcase classname="Scenario: Validate if Entering only $1 for Living expenses, and leaving all other fields as zero, clicking" name="And Enter  &quot;1&quot; in  Living expenses input field" time="0"/>
  <testcase classname="Scenario: Validate if Entering only $1 for Living expenses, and leaving all other fields as zero, clicking" name="When User submits the details" time="0"/>
  <testcase classname="Scenario: Validate if Entering only $1 for Living expenses, and leaving all other fields as zero, clicking" name="Then Verify the Error Message is &quot;Based on the details you&apos;ve entered, we&apos;re unable to give you an estimate of your borrowing power with this calculator. For questions, call us on 1800 035 500.&quot;" time="0"/>
  <testcase classname="Scenario: Validate if Entering only $1 for Living expenses, and leaving all other fields as zero, clicking" name="Scenario: Validate if Entering only $1 for Living expenses, and leaving all other fields as zero, clicking" time="0.091"/>
  <testcase classname="Scenario: Validate if Clicking the ‘start over’ button clears the form." name="Given Initialize the browser with chrome" time="0"/>
  <testcase classname="Scenario: Validate if Clicking the ‘start over’ button clears the form." name="Then Navigate to &quot;/personal/home-loans/calculators-tools/much-borrow/&quot; Site" time="0.001"/>
  <testcase classname="Scenario: Validate if Clicking the ‘start over’ button clears the form." name="And Enter  &quot;80000&quot; in Your income (before tax) input field" time="0"/>
  <testcase classname="Scenario: Validate if Clicking the ‘start over’ button clears the form." name="And Enter  &quot;10,000&quot; in Your Other income input field" time="0"/>
  <testcase classname="Scenario: Validate if Clicking the ‘start over’ button clears the form." name="And Enter  &quot;500&quot; in  Living expenses input field" time="0"/>
  <testcase classname="Scenario: Validate if Clicking the ‘start over’ button clears the form." name="And Enter  &quot;0&quot; in  Current home loan repayments  input field" time="0"/>
  <testcase classname="Scenario: Validate if Clicking the ‘start over’ button clears the form." name="And Enter  &quot;100&quot; in  Other loan repayments input field" time="0"/>
  <testcase classname="Scenario: Validate if Clicking the ‘start over’ button clears the form." name="And Enter  &quot;0&quot; in  Other commitments input field" time="0"/>
  <testcase classname="Scenario: Validate if Clicking the ‘start over’ button clears the form." name="And Enter  &quot;10000&quot; in  Total credit card limits input field" time="0"/>
  <testcase classname="Scenario: Validate if Clicking the ‘start over’ button clears the form." name="When User submits the details" time="0"/>
  <testcase classname="Scenario: Validate if Clicking the ‘start over’ button clears the form." name="Scenario: Validate if Clicking the ‘start over’ button clears the form." time="0.094"/>
</testsuite>